Information,4/2/2026 9:28:43 AM,RtkAudioUniversalService,0,None,The operation completed successfully. 
Information,4/2/2026 9:28:43 AM,HPTouchpointAnalyticsService,0,None,Service has been successfully shut down.
Information,4/2/2026 9:28:43 AM,HP Comm Recovery,0,None,Service has been successfully shut down.
Information,4/2/2026 9:28:26 AM,Microsoft-Windows-Winlogon,6000,None,The winlogon notification subscriber <SessionEnv> was unavailable to handle a notification event.
Information,4/2/2026 9:28:26 AM,HPTouchpointAnalyticsService,0,None,User Logon event fired
Information,4/2/2026 9:28:26 AM,Microsoft-Windows-Winlogon,6000,None,The winlogon notification subscriber <WSearch> was unavailable to handle a notification event.
Information,4/2/2026 9:28:09 AM,HP Comm Recovery,1,None,Resume from Connected Standby
Information,4/2/2026 9:11:58 AM,HP Comm Recovery,1,None,Resume from Connected Standby
Information,4/2/2026 9:11:58 AM,HP Comm Recovery,1,None,Resume from Connected Standby
Information,4/2/2026 9:11:58 AM,HP Comm Recovery,1,None,Resume from Connected Standby
Information,4/2/2026 9:11:58 AM,HP Comm Recovery,1,None,Resume from Connected Standby
Information,4/2/2026 9:11:58 AM,HP Comm Recovery,1,None,Resume from Connected Standby
Information,4/2/2026 9:11:58 AM,HP Comm Recovery,1,None,Resume from Connected Standby
Information,4/2/2026 9:11:58 AM,HP Comm Recovery,1,None,Resume from Connected Standby
Information,4/2/2026 9:11:58 AM,HP Comm Recovery,1,None,Resume from Connected Standby
Information,4/2/2026 9:11:58 AM,HP Comm Recovery,1,None,Resume from Connected Standby
Information,4/2/2026 9:11:58 AM,HP Comm Recovery,1,None,Resume from Connected Standby
Information,4/2/2026 9:11:58 AM,HP Comm Recovery,1,None,Resume from Connected Standby
